<?xml version="1.0" encoding="UTF-8"?>
<testsuite name="codewars.chainableNumbers" tests="1" skipped="0" failures="0" errors="0" timestamp="2021-05-25T17:00:20" hostname="C02C721JLVDM" time="0.019">
  <properties/>
  <testcase name="should_return_if_two_numbers_are_chainable()" classname="codewars.chainableNumbers" time="0.019"/>
  <system-out><![CDATA[]]></system-out>
  <system-err><![CDATA[]]></system-err>
</testsuite>
